<?xml version="1.0" encoding="UTF-8"?>
<testng-results skipped="0" failed="0" ignored="0" total="2" passed="2">
  <reporter-output>
  </reporter-output>
  <suite name="Default suite" duration-ms="69042" started-at="2019-09-06T07:26:17Z" finished-at="2019-09-06T07:27:26Z">
    <groups>
    </groups>
    <test name="Default test" duration-ms="69042" started-at="2019-09-06T07:26:17Z" finished-at="2019-09-06T07:27:26Z">
      <class name="com.crm.qa.testcases.LoginpageTest">
        <test-method status="PASS" signature="setup()[pri:0, instance:com.crm.qa.testcases.LoginpageTest@29774679]" name="setup" is-config="true" duration-ms="32039" started-at="2019-09-06T07:26:17Z" finished-at="2019-09-06T07:26:49Z">
          <reporter-output>
          </reporter-output>
        </test-method> <!-- setup -->
        <test-method status="PASS" signature="loginpageTitle()[pri:1, instance:com.crm.qa.testcases.LoginpageTest@29774679]" name="loginpageTitle" duration-ms="16" started-at="2019-09-06T07:26:49Z" finished-at="2019-09-06T07:26:49Z">
          <reporter-output>
          </reporter-output>
        </test-method> <!-- loginpageTitle -->
        <test-method status="PASS" signature="tearDown()[pri:0, instance:com.crm.qa.testcases.LoginpageTest@29774679]" name="tearDown" is-config="true" duration-ms="833" started-at="2019-09-06T07:26:49Z" finished-at="2019-09-06T07:26:50Z">
          <reporter-output>
          </reporter-output>
        </test-method> <!-- tearDown -->
        <test-method status="PASS" signature="setup()[pri:0, instance:com.crm.qa.testcases.LoginpageTest@29774679]" name="setup" is-config="true" duration-ms="29899" started-at="2019-09-06T07:26:50Z" finished-at="2019-09-06T07:27:20Z">
          <reporter-output>
          </reporter-output>
        </test-method> <!-- setup -->
        <test-method status="PASS" signature="loginuser()[pri:2, instance:com.crm.qa.testcases.LoginpageTest@29774679]" name="loginuser" duration-ms="5353" started-at="2019-09-06T07:27:20Z" finished-at="2019-09-06T07:27:25Z">
          <reporter-output>
          </reporter-output>
        </test-method> <!-- loginuser -->
        <test-method status="PASS" signature="tearDown()[pri:0, instance:com.crm.qa.testcases.LoginpageTest@29774679]" name="tearDown" is-config="true" duration-ms="881" started-at="2019-09-06T07:27:25Z" finished-at="2019-09-06T07:27:26Z">
          <reporter-output>
          </reporter-output>
        </test-method> <!-- tearDown -->
      </class> <!-- com.crm.qa.testcases.LoginpageTest -->
    </test> <!-- Default test -->
  </suite> <!-- Default suite -->
</testng-results>
